c:\users\andy wong\desktop\cuda计算文件\allinonebackup\2022.5.19v004h\soctree2\soctree2\x64\release\vc142.pdb
c:\users\andy wong\desktop\cuda计算文件\allinonebackup\2022.5.19v004h\soctree2\soctree2\x64\release\pointcloud.obj
c:\users\andy wong\desktop\cuda计算文件\allinonebackup\2022.5.19v004h\soctree2\soctree2\x64\release\main.obj
c:\users\andy wong\desktop\cuda计算文件\allinonebackup\2022.5.19v004h\soctree2\x64\release\soctree2.exe
c:\users\andy wong\desktop\cuda计算文件\allinonebackup\2022.5.19v004h\soctree2\soctree2\x64\release\soctree2.ipdb
c:\users\andy wong\desktop\cuda计算文件\allinonebackup\2022.5.19v004h\soctree2\soctree2\x64\release\soctree2.iobj
c:\users\andy wong\desktop\cuda计算文件\allinonebackup\2022.5.19v004h\soctree2\x64\release\soctree2.pdb
c:\users\andy wong\desktop\cuda计算文件\allinonebackup\2022.5.19v004h\soctree2\x64\release\soctree2.lib
c:\users\andy wong\desktop\cuda计算文件\allinonebackup\2022.5.19v004h\soctree2\x64\release\soctree2.exp
c:\users\andy wong\desktop\cuda计算文件\allinonebackup\2022.5.19v004h\soctree2\soctree2\x64\release\octree.cu.cache
c:\users\andy wong\desktop\cuda计算文件\allinonebackup\2022.5.19v004h\soctree2\soctree2\x64\release\utility.cu.cache
c:\users\andy wong\desktop\cuda计算文件\allinonebackup\2022.5.19v004h\soctree2\soctree2\x64\release\visualization.cu.cache
c:\users\andy wong\desktop\cuda计算文件\allinonebackup\2022.5.19v004h\soctree2\soctree2\x64\release\octree.cu.obj
c:\users\andy wong\desktop\cuda计算文件\allinonebackup\2022.5.19v004h\soctree2\soctree2\x64\release\utility.cu.obj
c:\users\andy wong\desktop\cuda计算文件\allinonebackup\2022.5.19v004h\soctree2\soctree2\x64\release\visualization.cu.obj
c:\users\andy wong\desktop\cuda计算文件\allinonebackup\2022.5.19v004h\soctree2\soctree2\x64\release\soctree2.tlog\cl.command.1.tlog
c:\users\andy wong\desktop\cuda计算文件\allinonebackup\2022.5.19v004h\soctree2\soctree2\x64\release\soctree2.tlog\cl.read.1.tlog
c:\users\andy wong\desktop\cuda计算文件\allinonebackup\2022.5.19v004h\soctree2\soctree2\x64\release\soctree2.tlog\cl.write.1.tlog
c:\users\andy wong\desktop\cuda计算文件\allinonebackup\2022.5.19v004h\soctree2\soctree2\x64\release\soctree2.tlog\cudacompile.read.1u.tlog
c:\users\andy wong\desktop\cuda计算文件\allinonebackup\2022.5.19v004h\soctree2\soctree2\x64\release\soctree2.tlog\cudacompile.write.1u.tlog
c:\users\andy wong\desktop\cuda计算文件\allinonebackup\2022.5.19v004h\soctree2\soctree2\x64\release\soctree2.tlog\link.command.1.tlog
c:\users\andy wong\desktop\cuda计算文件\allinonebackup\2022.5.19v004h\soctree2\soctree2\x64\release\soctree2.tlog\link.read.1.tlog
c:\users\andy wong\desktop\cuda计算文件\allinonebackup\2022.5.19v004h\soctree2\soctree2\x64\release\soctree2.tlog\link.write.1.tlog
c:\users\andy wong\desktop\cuda计算文件\allinonebackup\2022.5.19v004h\soctree2\soctree2\x64\release\soctree2.tlog\soctree2.write.1u.tlog
