c:\users\andy wong\desktop\cuda计算文件\allinonebackup\2022.5.19v004h\soctree2\soctree2\x64\debug\vc142.pdb
c:\users\andy wong\desktop\cuda计算文件\allinonebackup\2022.5.19v004h\soctree2\soctree2\x64\debug\vc142.idb
c:\users\andy wong\desktop\cuda计算文件\allinonebackup\2022.5.19v004h\soctree2\soctree2\x64\debug\pointcloud.obj
c:\users\andy wong\desktop\cuda计算文件\allinonebackup\2022.5.19v004h\soctree2\soctree2\x64\debug\main.obj
x64\debug\octree.cu.obj
x64\debug\utility.cu.obj
x64\debug\visualization.cu.obj
c:\users\andy wong\desktop\cuda计算文件\allinonebackup\2022.5.19v004h\soctree2\soctree2\x64\debug\octree.cu.cache
c:\users\andy wong\desktop\cuda计算文件\allinonebackup\2022.5.19v004h\soctree2\soctree2\x64\debug\utility.cu.cache
c:\users\andy wong\desktop\cuda计算文件\allinonebackup\2022.5.19v004h\soctree2\soctree2\x64\debug\visualization.cu.cache
c:\users\andy wong\desktop\cuda计算文件\allinonebackup\2022.5.19v004h\soctree2\soctree2\x64\debug\octree.cu.obj
c:\users\andy wong\desktop\cuda计算文件\allinonebackup\2022.5.19v004h\soctree2\soctree2\x64\debug\utility.cu.obj
c:\users\andy wong\desktop\cuda计算文件\allinonebackup\2022.5.19v004h\soctree2\soctree2\x64\debug\visualization.cu.obj
c:\users\andy wong\desktop\cuda计算文件\allinonebackup\2022.5.19v004h\soctree2\x64\debug\soctree2.pdb
c:\users\andy wong\desktop\cuda计算文件\allinonebackup\2022.5.19v004h\soctree2\soctree2\x64\debug\soctree2.tlog\cl.command.1.tlog
c:\users\andy wong\desktop\cuda计算文件\allinonebackup\2022.5.19v004h\soctree2\soctree2\x64\debug\soctree2.tlog\cl.read.1.tlog
c:\users\andy wong\desktop\cuda计算文件\allinonebackup\2022.5.19v004h\soctree2\soctree2\x64\debug\soctree2.tlog\cl.write.1.tlog
c:\users\andy wong\desktop\cuda计算文件\allinonebackup\2022.5.19v004h\soctree2\soctree2\x64\debug\soctree2.tlog\cudacompile.read.1u.tlog
c:\users\andy wong\desktop\cuda计算文件\allinonebackup\2022.5.19v004h\soctree2\soctree2\x64\debug\soctree2.tlog\cudacompile.write.1u.tlog
c:\users\andy wong\desktop\cuda计算文件\allinonebackup\2022.5.19v004h\soctree2\soctree2\x64\debug\soctree2.tlog\link-cvtres.read.1.tlog
c:\users\andy wong\desktop\cuda计算文件\allinonebackup\2022.5.19v004h\soctree2\soctree2\x64\debug\soctree2.tlog\link-cvtres.write.1.tlog
c:\users\andy wong\desktop\cuda计算文件\allinonebackup\2022.5.19v004h\soctree2\soctree2\x64\debug\soctree2.tlog\link-rc.read.1.tlog
c:\users\andy wong\desktop\cuda计算文件\allinonebackup\2022.5.19v004h\soctree2\soctree2\x64\debug\soctree2.tlog\link-rc.write.1.tlog
c:\users\andy wong\desktop\cuda计算文件\allinonebackup\2022.5.19v004h\soctree2\soctree2\x64\debug\soctree2.tlog\link.command.1.tlog
c:\users\andy wong\desktop\cuda计算文件\allinonebackup\2022.5.19v004h\soctree2\soctree2\x64\debug\soctree2.tlog\link.read.1.tlog
c:\users\andy wong\desktop\cuda计算文件\allinonebackup\2022.5.19v004h\soctree2\soctree2\x64\debug\soctree2.tlog\link.write.1.tlog
